<?xml version="1.0" encoding="UTF-8"?>
<!-- Generated by org.testng.reporters.JUnitReportReporter -->
<testsuite hostname="ferides-MacBook-Pro.local" failures="0" tests="5" name="com.bookit.test.JDBCTest" time="0.197" errors="0" timestamp="08 Jan 2019 20:58:43 GMT" skipped="4">
  <testcase classname="com.bookit.test.JDBCTest" name="useDBUtils" time="0.197"/>
  <testcase classname="com.bookit.test.JDBCTest" name="dbDynamic">
    <skipped/>
  </testcase> <!-- dbDynamic -->
  <testcase classname="com.bookit.test.JDBCTest" name="PostgreSQL">
    <skipped/>
  </testcase> <!-- PostgreSQL -->
  <testcase classname="com.bookit.test.JDBCTest" name="dbData">
    <skipped/>
  </testcase> <!-- dbData -->
  <testcase classname="com.bookit.test.JDBCTest" name="JDBCMetaData">
    <skipped/>
  </testcase> <!-- JDBCMetaData -->
</testsuite> <!-- com.bookit.test.JDBCTest -->
